<?xml version="1.0" encoding="UTF-8"?>
<testsuite xmlns:xsi="http://www.w3.org/2001/XMLSchema-instance" xsi:noNamespaceSchemaLocation="https://maven.apache.org/surefire/maven-surefire-plugin/xsd/surefire-test-report-3.0.xsd" version="3.0" name="com.deliverytech.delivery.integration.EnderecoControllerIntegrationTest" time="41.918" tests="4" errors="0" skipped="0" failures="0">
  <properties>
[...]
</properties>
  <testcase name="deveRetornarStatus403_QuandoLogadoComoRestaurante" classname="com.deliverytech.delivery.integration.EnderecoControllerIntegrationTest" time="2.164">
    <system-out><![CDATA[07:51:41.088 [main] INFO org.springframework.test.context.support.AnnotationConfigContextLoaderUtils -- Could not detect default configuration classes for test class [com.deliverytech.delivery.integration.EnderecoControllerIntegrationTest]: EnderecoControllerIntegrationTest does not declare any static, non-private, non-final, nested classes annotated with @Configuration.
07:51:42.216 [main] INFO org.springframework.boot.test.context.SpringBootTestContextBootstrapper -- Found @SpringBootConfiguration com.deliverytech.delivery.DeliveryApiApplication for test class com.deliverytech.delivery.integration.EnderecoControllerIntegrationTest
07:51:43.207 [main] INFO org.springframework.boot.devtools.restart.RestartApplicationListener -- Restart disabled due to context in which it is running

  .   ____          _            __ _ _
 /\\ / ___'_ __ _ _(_)_ __  __ _ \ \ \ \
( ( )\___ | '_ | '_| | '_ \/ _` | \ \ \ \
 \\/  ___)| |_)| | | | | || (_| |  ) ) ) )
  '  |____| .__|_| |_|_| |_\__, | / / / /
 =========|_|==============|___/=/_/_/_/

 :: Spring Boot ::                (v3.5.6)

2025-11-07 07:51:45.713 [main] INFO  [] c.d.d.i.EnderecoControllerIntegrationTest - Starting EnderecoControllerIntegrationTest using Java 21.0.9 with PID 65379 (started by dimas in /home/dimas/Documentos/GitHub/delivery-api)
2025-11-07 07:51:45.717 [main] DEBUG [] c.d.d.i.EnderecoControllerIntegrationTest - Running with Spring Boot v3.5.6, Spring v6.2.11
2025-11-07 07:51:45.719 [main] INFO  [] c.d.d.i.EnderecoControllerIntegrationTest - The following 1 profile is active: "test"
2025-11-07 07:51:45.807 [main] DEBUG [] o.s.w.c.s.GenericWebApplicationContext - Refreshing org.springframework.web.context.support.GenericWebApplicationContext@2211b44f
2025-11-07 07:51:52.932 [main] INFO  [] o.s.d.r.c.RepositoryConfigurationDelegate - Multiple Spring Data modules found, entering strict repository configuration mode
2025-11-07 07:51:52.937 [main] INFO  [] o.s.d.r.c.RepositoryConfigurationDelegate - Bootstrapping Spring Data JPA repositories in DEFAULT mode.
2025-11-07 07:51:54.259 [main] INFO  [] o.s.d.r.c.RepositoryConfigurationDelegate - Finished Spring Data repository scanning in 1286 ms. Found 9 JPA repository interfaces.
2025-11-07 07:51:54.327 [main] INFO  [] o.s.d.r.c.RepositoryConfigurationDelegate - Multiple Spring Data modules found, entering strict repository configuration mode
2025-11-07 07:51:54.331 [main] INFO  [] o.s.d.r.c.RepositoryConfigurationDelegate - Bootstrapping Spring Data Redis repositories in DEFAULT mode.
2025-11-07 07:51:54.432 [main] INFO  [] o.s.d.r.c.RepositoryConfigurationExtensionSupport - Spring Data Redis - Could not safely identify store assignment for repository candidate interface com.deliverytech.delivery.repository.ClienteRepository; If you want this repository to be a Redis repository, consider annotating your entities with one of these annotations: org.springframework.data.redis.core.RedisHash (preferred), or consider extending one of the following types with your repository: org.springframework.data.keyvalue.repository.KeyValueRepository
2025-11-07 07:51:54.440 [main] INFO  [] o.s.d.r.c.RepositoryConfigurationExtensionSupport - Spring Data Redis - Could not safely identify store assignment for repository candidate interface com.deliverytech.delivery.repository.EnderecoRepository; If you want this repository to be a Redis repository, consider annotating your entities with one of these annotations: org.springframework.data.redis.core.RedisHash (preferred), or consider extending one of the following types with your repository: org.springframework.data.keyvalue.repository.KeyValueRepository
2025-11-07 07:51:54.444 [main] INFO  [] o.s.d.r.c.RepositoryConfigurationExtensionSupport - Spring Data Redis - Could not safely identify store assignment for repository candidate interface com.deliverytech.delivery.repository.GrupoOpcionalRepository; If you want this repository to be a Redis repository, consider annotating your entities with one of these annotations: org.springframework.data.redis.core.RedisHash (preferred), or consider extending one of the following types with your repository: org.springframework.data.keyvalue.repository.KeyValueRepository
2025-11-07 07:51:54.455 [main] INFO  [] o.s.d.r.c.RepositoryConfigurationExtensionSupport - Spring Data Redis - Could not safely identify store assignment for repository candidate interface com.deliverytech.delivery.repository.ItemOpcionalRepository; If you want this repository to be a Redis repository, consider annotating your entities with one of these annotations: org.springframework.data.redis.core.RedisHash (preferred), or consider extending one of the following types with your repository: org.springframework.data.keyvalue.repository.KeyValueRepository
2025-11-07 07:51:54.459 [main] INFO  [] o.s.d.r.c.RepositoryConfigurationExtensionSupport - Spring Data Redis - Could not safely identify store assignment for repository candidate interface com.deliverytech.delivery.repository.ItemPedidoOpcionalRepository; If you want this repository to be a Redis repository, consider annotating your entities with one of these annotations: org.springframework.data.redis.core.RedisHash (preferred), or consider extending one of the following types with your repository: org.springframework.data.keyvalue.repository.KeyValueRepository
2025-11-07 07:51:54.460 [main] INFO  [] o.s.d.r.c.RepositoryConfigurationExtensionSupport - Spring Data Redis - Could not safely identify store assignment for repository candidate interface com.deliverytech.delivery.repository.PedidoRepository; If you want this repository to be a Redis repository, consider annotating your entities with one of these annotations: org.springframework.data.redis.core.RedisHash (preferred), or consider extending one of the following types with your repository: org.springframework.data.keyvalue.repository.KeyValueRepository
2025-11-07 07:51:54.468 [main] INFO  [] o.s.d.r.c.RepositoryConfigurationExtensionSupport - Spring Data Redis - Could not safely identify store assignment for repository candidate interface com.deliverytech.delivery.repository.ProdutoRepository; If you want this repository to be a Redis repository, consider annotating your entities with one of these annotations: org.springframework.data.redis.core.RedisHash (preferred), or consider extending one of the following types with your repository: org.springframework.data.keyvalue.repository.KeyValueRepository
2025-11-07 07:51:54.470 [main] INFO  [] o.s.d.r.c.RepositoryConfigurationExtensionSupport - Spring Data Redis - Could not safely identify store assignment for repository candidate interface com.deliverytech.delivery.repository.RestauranteRepository; If you want this repository to be a Redis repository, consider annotating your entities with one of these annotations: org.springframework.data.redis.core.RedisHash (preferred), or consider extending one of the following types with your repository: org.springframework.data.keyvalue.repository.KeyValueRepository
2025-11-07 07:51:54.479 [main] INFO  [] o.s.d.r.c.RepositoryConfigurationExtensionSupport - Spring Data Redis - Could not safely identify store assignment for repository candidate interface com.deliverytech.delivery.repository.auth.UsuarioRepository; If you want this repository to be a Redis repository, consider annotating your entities with one of these annotations: org.springframework.data.redis.core.RedisHash (preferred), or consider extending one of the following types with your repository: org.springframework.data.keyvalue.repository.KeyValueRepository
2025-11-07 07:51:54.489 [main] INFO  [] o.s.d.r.c.RepositoryConfigurationDelegate - Finished Spring Data repository scanning in 98 ms. Found 0 Redis repository interfaces.
2025-11-07 07:51:58.214 [main] INFO  [] o.s.o.j.p.SpringPersistenceUnitInfo - No LoadTimeWeaver setup: ignoring JPA class transformer
2025-11-07 07:51:58.340 [main] INFO  [] com.zaxxer.hikari.HikariDataSource - HikariPool-1 - Starting...
2025-11-07 07:51:59.716 [main] INFO  [] com.zaxxer.hikari.pool.HikariPool - HikariPool-1 - Added connection conn0: url=jdbc:h2:mem:testdb user=SA
2025-11-07 07:51:59.733 [main] INFO  [] com.zaxxer.hikari.HikariDataSource - HikariPool-1 - Start completed.
2025-11-07 07:51:59.901 [main] WARN  [] org.hibernate.orm.deprecation - HHH90000025: H2Dialect does not need to be specified explicitly using 'hibernate.dialect' (remove the property setting and it will be selected by default)
2025-11-07 07:52:04.945 [main] DEBUG [] org.hibernate.SQL - 
    drop table if exists cliente cascade 
Hibernate: 
    drop table if exists cliente cascade 
2025-11-07 07:52:04.954 [main] DEBUG [] org.hibernate.SQL - 
    drop table if exists endereco cascade 
Hibernate: 
    drop table if exists endereco cascade 
2025-11-07 07:52:04.955 [main] DEBUG [] org.hibernate.SQL - 
    drop table if exists grupo_opcional cascade 
Hibernate: 
    drop table if exists grupo_opcional cascade 
2025-11-07 07:52:04.955 [main] DEBUG [] org.hibernate.SQL - 
    drop table if exists item_opcional cascade 
Hibernate: 
    drop table if exists item_opcional cascade 
2025-11-07 07:52:04.956 [main] DEBUG [] org.hibernate.SQL - 
    drop table if exists item_pedido_opcional cascade 
Hibernate: 
    drop table if exists item_pedido_opcional cascade 
2025-11-07 07:52:04.957 [main] DEBUG [] org.hibernate.SQL - 
    drop table if exists itens_pedido cascade 
Hibernate: 
    drop table if exists itens_pedido cascade 
2025-11-07 07:52:04.957 [main] DEBUG [] org.hibernate.SQL - 
    drop table if exists pedido cascade 
Hibernate: 
    drop table if exists pedido cascade 
2025-11-07 07:52:04.958 [main] DEBUG [] org.hibernate.SQL - 
    drop table if exists produto cascade 
Hibernate: 
    drop table if exists produto cascade 
2025-11-07 07:52:04.958 [main] DEBUG [] org.hibernate.SQL - 
    drop table if exists restaurante cascade 
Hibernate: 
    drop table if exists restaurante cascade 
2025-11-07 07:52:04.958 [main] DEBUG [] org.hibernate.SQL - 
    drop table if exists usuario cascade 
Hibernate: 
    drop table if exists usuario cascade 
2025-11-07 07:52:04.968 [main] DEBUG [] org.hibernate.SQL - 
    create table cliente (
        id bigint not null,
        cpf varchar(11) not null unique,
        telefone varchar(15),
        nome varchar(100) not null,
        primary key (id)
    )
Hibernate: 
    create table cliente (
        id bigint not null,
        cpf varchar(11) not null unique,
        telefone varchar(15),
        nome varchar(100) not null,
        primary key (id)
    )
2025-11-07 07:52:04.983 [main] DEBUG [] org.hibernate.SQL - 
    create table endereco (
        estado varchar(2) not null,
        latitude numeric(10,8),
        longitude numeric(11,8),
        cep varchar(8) not null,
        id bigint generated by default as identity,
        usuario_id bigint not null,
        numero varchar(20) not null,
        apelido varchar(50) not null,
        bairro varchar(255) not null,
        cidade varchar(255) not null,
        complemento varchar(255),
        rua varchar(255) not null,
        primary key (id)
    )
Hibernate: 
    create table endereco (
        estado varchar(2) not null,
        latitude numeric(10,8),
        longitude numeric(11,8),
        cep varchar(8) not null,
        id bigint generated by default as identity,
        usuario_id bigint not null,
        numero varchar(20) not null,
        apelido varchar(50) not null,
        bairro varchar(255) not null,
        cidade varchar(255) not null,
        complemento varchar(255),
        rua varchar(255) not null,
        primary key (id)
    )
2025-11-07 07:52:04.992 [main] DEBUG [] org.hibernate.SQL - 
    create table grupo_opcional (
        max_selecao integer not null check (max_selecao>=1),
        min_selecao integer not null check (min_selecao>=0),
        id bigint generated by default as identity,
        produto_id bigint not null,
        nome varchar(255) not null,
        primary key (id)
    )
Hibernate: 
    create table grupo_opcional (
        max_selecao integer not null check (max_selecao>=1),
        min_selecao integer not null check (min_selecao>=0),
        id bigint generated by default as identity,
        produto_id bigint not null,
        nome varchar(255) not null,
        primary key (id)
    )
2025-11-07 07:52:05.004 [main] DEBUG [] org.hibernate.SQL - 
    create table item_opcional (
        preco_adicional numeric(38,2) not null,
        grupo_opcional_id bigint not null,
        id bigint generated by default as identity,
        nome varchar(255) not null,
        primary key (id)
    )
Hibernate: 
    create table item_opcional (
        preco_adicional numeric(38,2) not null,
        grupo_opcional_id bigint not null,
        id bigint generated by default as identity,
        nome varchar(255) not null,
        primary key (id)
    )
2025-11-07 07:52:05.008 [main] DEBUG [] org.hibernate.SQL - 
    create table item_pedido_opcional (
        preco_registrado numeric(38,2) not null,
        id bigint generated by default as identity,
        item_opcional_id bigint not null,
        item_pedido_id bigint not null,
        primary key (id)
    )
Hibernate: 
    create table item_pedido_opcional (
        preco_registrado numeric(38,2) not null,
        id bigint generated by default as identity,
        item_opcional_id bigint not null,
        item_pedido_id bigint not null,
        primary key (id)
    )
2025-11-07 07:52:05.010 [main] DEBUG [] org.hibernate.SQL - 
    create table itens_pedido (
        preco_unitario numeric(38,2) not null,
        quantidade integer not null check (quantidade>=1),
        subtotal numeric(38,2) not null,
        id bigint generated by default as identity,
        pedido_id bigint not null,
        produto_id bigint not null,
        primary key (id)
    )
Hibernate: 
    create table itens_pedido (
        preco_unitario numeric(38,2) not null,
        quantidade integer not null check (quantidade>=1),
        subtotal numeric(38,2) not null,
        id bigint generated by default as identity,
        pedido_id bigint not null,
        produto_id bigint not null,
        primary key (id)
    )
2025-11-07 07:52:05.014 [main] DEBUG [] org.hibernate.SQL - 
    create table pedido (
        subtotal numeric(38,2),
        taxa_entrega numeric(38,2),
        troco_para numeric(38,2),
        valor_total numeric(38,2),
        cliente_id bigint not null,
        data_pedido timestamp(6),
        endereco_entrega_id bigint not null,
        entregador_id bigint,
        id bigint generated by default as identity,
        restaurante_id bigint not null,
        metodo_pagamento varchar(255) not null,
        numero_pedido varchar(255) not null unique,
        observacoes TEXT,
        status enum ('CANCELADO','CONFIRMADO','ENTREGUE','PENDENTE','PREPARANDO','SAIU_PARA_ENTREGA'),
        primary key (id)
    )
Hibernate: 
    create table pedido (
        subtotal numeric(38,2),
        taxa_entrega numeric(38,2),
        troco_para numeric(38,2),
        valor_total numeric(38,2),
        cliente_id bigint not null,
        data_pedido timestamp(6),
        endereco_entrega_id bigint not null,
        entregador_id bigint,
        id bigint generated by default as identity,
        restaurante_id bigint not null,
        metodo_pagamento varchar(255) not null,
        numero_pedido varchar(255) not null unique,
        observacoes TEXT,
        status enum ('CANCELADO','CONFIRMADO','ENTREGUE','PENDENTE','PREPARANDO','SAIU_PARA_ENTREGA'),
        primary key (id)
    )
2025-11-07 07:52:05.019 [main] DEBUG [] org.hibernate.SQL - 
    create table produto (
        disponivel boolean,
        estoque integer not null,
        preco_base numeric(38,2) not null,
        id bigint generated by default as identity,
        restaurante_id bigint,
        nome varchar(100) not null,
        categoria varchar(255),
        descricao varchar(255),
        primary key (id)
    )
Hibernate: 
    create table produto (
        disponivel boolean,
        estoque integer not null,
        preco_base numeric(38,2) not null,
        id bigint generated by default as identity,
        restaurante_id bigint,
        nome varchar(100) not null,
        categoria varchar(255),
        descricao varchar(255),
        primary key (id)
    )
2025-11-07 07:52:05.021 [main] DEBUG [] org.hibernate.SQL - 
    create table restaurante (
        ativo boolean,
        avaliacao numeric(3,2),
        taxa_entrega numeric(38,2),
        tempo_entrega integer,
        endereco_id bigint unique,
        id bigint generated by default as identity,
        nome varchar(100) not null,
        categoria varchar(255) not null,
        horario_funcionamento varchar(255),
        telefone varchar(255) not null,
        primary key (id)
    )
Hibernate: 
    create table restaurante (
        ativo boolean,
        avaliacao numeric(3,2),
        taxa_entrega numeric(38,2),
        tempo_entrega integer,
        endereco_id bigint unique,
        id bigint generated by default as identity,
        nome varchar(100) not null,
        categoria varchar(255) not null,
        horario_funcionamento varchar(255),
        telefone varchar(255) not null,
        primary key (id)
    )
2025-11-07 07:52:05.026 [main] DEBUG [] org.hibernate.SQL - 
    create table usuario (
        ativo boolean not null,
        data_criacao timestamp(6) not null,
        id bigint generated by default as identity,
        restaurante_id bigint,
        email varchar(100) not null unique,
        senha varchar(255) not null,
        role enum ('ADMIN','CLIENTE','ENTREGADOR','RESTAURANTE') not null,
        primary key (id)
    )
Hibernate: 
    create table usuario (
        ativo boolean not null,
        data_criacao timestamp(6) not null,
        id bigint generated by default as identity,
        restaurante_id bigint,
        email varchar(100) not null unique,
        senha varchar(255) not null,
        role enum ('ADMIN','CLIENTE','ENTREGADOR','RESTAURANTE') not null,
        primary key (id)
    )
2025-11-07 07:52:05.035 [main] DEBUG [] org.hibernate.SQL - 
    alter table if exists cliente 
       add constraint FKsitxst8o302fspskxfjatuyrl 
       foreign key (id) 
       references usuario
Hibernate: 
    alter table if exists cliente 
       add constraint FKsitxst8o302fspskxfjatuyrl 
       foreign key (id) 
       references usuario
2025-11-07 07:52:05.076 [main] DEBUG [] org.hibernate.SQL - 
    alter table if exists endereco 
       add constraint FKekdpb8k6gmp3lllla9d1qgmxk 
       foreign key (usuario_id) 
       references usuario
Hibernate: 
    alter table if exists endereco 
       add constraint FKekdpb8k6gmp3lllla9d1qgmxk 
       foreign key (usuario_id) 
       references usuario
2025-11-07 07:52:05.096 [main] DEBUG [] org.hibernate.SQL - 
    alter table if exists grupo_opcional 
       add constraint FKpssm5hjvy6p7j9invf2q8ifcr 
       foreign key (produto_id) 
       references produto
Hibernate: 
    alter table if exists grupo_opcional 
       add constraint FKpssm5hjvy6p7j9invf2q8ifcr 
       foreign key (produto_id) 
       references produto
2025-11-07 07:52:05.111 [main] DEBUG [] org.hibernate.SQL - 
    alter table if exists item_opcional 
       add constraint FKj2pr8rwufqx3pu7ef03h9r072 
       foreign key (grupo_opcional_id) 
       references grupo_opcional
Hibernate: 
    alter table if exists item_opcional 
       add constraint FKj2pr8rwufqx3pu7ef03h9r072 
       foreign key (grupo_opcional_id) 
       references grupo_opcional
2025-11-07 07:52:05.132 [main] DEBUG [] org.hibernate.SQL - 
    alter table if exists item_pedido_opcional 
       add constraint FKe3h652dkcw2h4k8gr2dawx14v 
       foreign key (item_opcional_id) 
       references item_opcional
Hibernate: 
    alter table if exists item_pedido_opcional 
       add constraint FKe3h652dkcw2h4k8gr2dawx14v 
       foreign key (item_opcional_id) 
       references item_opcional
2025-11-07 07:52:05.156 [main] DEBUG [] org.hibernate.SQL - 
    alter table if exists item_pedido_opcional 
       add constraint FK8x5b3u33ebvie1jiwq6v5tdr8 
       foreign key (item_pedido_id) 
       references itens_pedido
Hibernate: 
    alter table if exists item_pedido_opcional 
       add constraint FK8x5b3u33ebvie1jiwq6v5tdr8 
       foreign key (item_pedido_id) 
       references itens_pedido
2025-11-07 07:52:05.163 [main] DEBUG [] org.hibernate.SQL - 
    alter table if exists itens_pedido 
       add constraint FKdrlbqwi9u15b2nnaj826e229x 
       foreign key (pedido_id) 
       references pedido
Hibernate: 
    alter table if exists itens_pedido 
       add constraint FKdrlbqwi9u15b2nnaj826e229x 
       foreign key (pedido_id) 
       references pedido
2025-11-07 07:52:05.167 [main] DEBUG [] org.hibernate.SQL - 
    alter table if exists itens_pedido 
       add constraint FK3uo2duj20r2i4mwplv4vb26u6 
       foreign key (produto_id) 
       references produto
Hibernate: 
    alter table if exists itens_pedido 
       add constraint FK3uo2duj20r2i4mwplv4vb26u6 
       foreign key (produto_id) 
       references produto
2025-11-07 07:52:05.180 [main] DEBUG [] org.hibernate.SQL - 
    alter table if exists pedido 
       add constraint FK30s8j2ktpay6of18lbyqn3632 
       foreign key (cliente_id) 
       references cliente
Hibernate: 
    alter table if exists pedido 
       add constraint FK30s8j2ktpay6of18lbyqn3632 
       foreign key (cliente_id) 
       references cliente
2025-11-07 07:52:05.193 [main] DEBUG [] org.hibernate.SQL - 
    alter table if exists pedido 
       add constraint FKcrxxe5rpllxbh0sfi4a6rwphb 
       foreign key (endereco_entrega_id) 
       references endereco
Hibernate: 
    alter table if exists pedido 
       add constraint FKcrxxe5rpllxbh0sfi4a6rwphb 
       foreign key (endereco_entrega_id) 
       references endereco
2025-11-07 07:52:05.201 [main] DEBUG [] org.hibernate.SQL - 
    alter table if exists pedido 
       add constraint FK1o4p1l374f8fjjyuy28mm0vp7 
       foreign key (entregador_id) 
       references usuario
Hibernate: 
    alter table if exists pedido 
       add constraint FK1o4p1l374f8fjjyuy28mm0vp7 
       foreign key (entregador_id) 
       references usuario
2025-11-07 07:52:05.217 [main] DEBUG [] org.hibernate.SQL - 
    alter table if exists pedido 
       add constraint FK3eud5cqmgsnltyk704hu3qj71 
       foreign key (restaurante_id) 
       references restaurante
Hibernate: 
    alter table if exists pedido 
       add constraint FK3eud5cqmgsnltyk704hu3qj71 
       foreign key (restaurante_id) 
       references restaurante
2025-11-07 07:52:05.221 [main] DEBUG [] org.hibernate.SQL - 
    alter table if exists produto 
       add constraint FKb9jhjyghjcn25guim7q4pt8qx 
       foreign key (restaurante_id) 
       references restaurante
Hibernate: 
    alter table if exists produto 
       add constraint FKb9jhjyghjcn25guim7q4pt8qx 
       foreign key (restaurante_id) 
       references restaurante
2025-11-07 07:52:05.226 [main] DEBUG [] org.hibernate.SQL - 
    alter table if exists restaurante 
       add constraint FKnc0aps7r9c6euyqrs6d2v04qa 
       foreign key (endereco_id) 
       references endereco
Hibernate: 
    alter table if exists restaurante 
       add constraint FKnc0aps7r9c6euyqrs6d2v04qa 
       foreign key (endereco_id) 
       references endereco
2025-11-07 07:52:05.246 [main] INFO  [] o.s.o.j.LocalContainerEntityManagerFactoryBean - Initialized JPA EntityManagerFactory for persistence unit 'default'
2025-11-07 07:52:06.937 [main] INFO  [] o.s.d.j.r.query.QueryEnhancerFactory - Hibernate is in classpath; If applicable, HQL parser will be used.
2025-11-07 07:52:09.274 [main] DEBUG [] org.hibernate.SQL - 
    /* <criteria> */ select
        p1_0.id,
        p1_0.categoria,
        p1_0.descricao,
        p1_0.disponivel,
        p1_0.estoque,
        p1_0.nome,
        p1_0.preco_base,
        p1_0.restaurante_id 
    from
        produto p1_0
Hibernate: 
    /* <criteria> */ select
        p1_0.id,
        p1_0.categoria,
        p1_0.descricao,
        p1_0.disponivel,
        p1_0.estoque,
        p1_0.nome,
        p1_0.preco_base,
        p1_0.restaurante_id 
    from
        produto p1_0
2025-11-07 07:52:09.564 [main] DEBUG [] org.hibernate.SQL - 
    /* <criteria> */ select
        r1_0.id,
        r1_0.ativo,
        r1_0.avaliacao,
        r1_0.categoria,
        r1_0.endereco_id,
        r1_0.horario_funcionamento,
        r1_0.nome,
        r1_0.taxa_entrega,
        r1_0.telefone,
        r1_0.tempo_entrega 
    from
        restaurante r1_0
Hibernate: 
    /* <criteria> */ select
        r1_0.id,
        r1_0.ativo,
        r1_0.avaliacao,
        r1_0.categoria,
        r1_0.endereco_id,
        r1_0.horario_funcionamento,
        r1_0.nome,
        r1_0.taxa_entrega,
        r1_0.telefone,
        r1_0.tempo_entrega 
    from
        restaurante r1_0
2025-11-07 07:52:09.577 [main] DEBUG [] org.hibernate.SQL - 
    /* <criteria> */ select
        e1_0.id,
        e1_0.apelido,
        e1_0.bairro,
        e1_0.cep,
        e1_0.cidade,
        e1_0.complemento,
        e1_0.estado,
        e1_0.latitude,
        e1_0.longitude,
        e1_0.numero,
        e1_0.rua,
        e1_0.usuario_id 
    from
        endereco e1_0
Hibernate: 
    /* <criteria> */ select
        e1_0.id,
        e1_0.apelido,
        e1_0.bairro,
        e1_0.cep,
        e1_0.cidade,
        e1_0.complemento,
        e1_0.estado,
        e1_0.latitude,
        e1_0.longitude,
        e1_0.numero,
        e1_0.rua,
        e1_0.usuario_id 
    from
        endereco e1_0
2025-11-07 07:52:09.584 [main] DEBUG [] org.hibernate.SQL - 
    /* <criteria> */ select
        c1_0.id,
        c1_0.cpf,
        c1_0.nome,
        c1_0.telefone 
    from
        cliente c1_0
Hibernate: 
    /* <criteria> */ select
        c1_0.id,
        c1_0.cpf,
        c1_0.nome,
        c1_0.telefone 
    from
        cliente c1_0
2025-11-07 07:52:09.590 [main] DEBUG [] org.hibernate.SQL - 
    /* <criteria> */ select
        u1_0.id,
        u1_0.ativo,
        u1_0.data_criacao,
        u1_0.email,
        u1_0.restaurante_id,
        u1_0.role,
        u1_0.senha 
    from
        usuario u1_0
Hibernate: 
    /* <criteria> */ select
        u1_0.id,
        u1_0.ativo,
        u1_0.data_criacao,
        u1_0.email,
        u1_0.restaurante_id,
        u1_0.role,
        u1_0.senha 
    from
        usuario u1_0
2025-11-07 07:52:09.898 [main] DEBUG [] org.hibernate.SQL - 
    /* insert for
        com.deliverytech.delivery.entity.Usuario */insert 
    into
        usuario (ativo, data_criacao, email, restaurante_id, role, senha, id) 
    values
        (?, ?, ?, ?, ?, ?, default)
Hibernate: 
    /* insert for
        com.deliverytech.delivery.entity.Usuario */insert 
    into
        usuario (ativo, data_criacao, email, restaurante_id, role, senha, id) 
    values
        (?, ?, ?, ?, ?, ?, default)
2025-11-07 07:52:09.954 [main] DEBUG [] org.hibernate.SQL - 
    /* insert for
        com.deliverytech.delivery.entity.Cliente */insert 
    into
        cliente (cpf, nome, telefone, id) 
    values
        (?, ?, ?, ?)
Hibernate: 
    /* insert for
        com.deliverytech.delivery.entity.Cliente */insert 
    into
        cliente (cpf, nome, telefone, id) 
    values
        (?, ?, ?, ?)
2025-11-07 07:52:09.962 [main] DEBUG [] org.hibernate.SQL - 
    /* insert for
        com.deliverytech.delivery.entity.Endereco */insert 
    into
        endereco (apelido, bairro, cep, cidade, complemento, estado, latitude, longitude, numero, rua, usuario_id, id) 
    values
        (?, ?, ?, ?, ?, ?, ?, ?, ?, ?, ?, default)
Hibernate: 
    /* insert for
        com.deliverytech.delivery.entity.Endereco */insert 
    into
        endereco (apelido, bairro, cep, cidade, complemento, estado, latitude, longitude, numero, rua, usuario_id, id) 
    values
        (?, ?, ?, ?, ?, ?, ?, ?, ?, ?, ?, default)
2025-11-07 07:52:10.069 [main] DEBUG [] org.hibernate.SQL - 
    /* insert for
        com.deliverytech.delivery.entity.Usuario */insert 
    into
        usuario (ativo, data_criacao, email, restaurante_id, role, senha, id) 
    values
        (?, ?, ?, ?, ?, ?, default)
Hibernate: 
    /* insert for
        com.deliverytech.delivery.entity.Usuario */insert 
    into
        usuario (ativo, data_criacao, email, restaurante_id, role, senha, id) 
    values
        (?, ?, ?, ?, ?, ?, default)
2025-11-07 07:52:10.076 [main] DEBUG [] org.hibernate.SQL - 
    /* insert for
        com.deliverytech.delivery.entity.Endereco */insert 
    into
        endereco (apelido, bairro, cep, cidade, complemento, estado, latitude, longitude, numero, rua, usuario_id, id) 
    values
        (?, ?, ?, ?, ?, ?, ?, ?, ?, ?, ?, default)
Hibernate: 
    /* insert for
        com.deliverytech.delivery.entity.Endereco */insert 
    into
        endereco (apelido, bairro, cep, cidade, complemento, estado, latitude, longitude, numero, rua, usuario_id, id) 
    values
        (?, ?, ?, ?, ?, ?, ?, ?, ?, ?, ?, default)
2025-11-07 07:52:10.081 [main] DEBUG [] org.hibernate.SQL - 
    /* insert for
        com.deliverytech.delivery.entity.Restaurante */insert 
    into
        restaurante (ativo, avaliacao, categoria, endereco_id, horario_funcionamento, nome, taxa_entrega, telefone, tempo_entrega, id) 
    values
        (?, ?, ?, ?, ?, ?, ?, ?, ?, default)
Hibernate: 
    /* insert for
        com.deliverytech.delivery.entity.Restaurante */insert 
    into
        restaurante (ativo, avaliacao, categoria, endereco_id, horario_funcionamento, nome, taxa_entrega, telefone, tempo_entrega, id) 
    values
        (?, ?, ?, ?, ?, ?, ?, ?, ?, default)
2025-11-07 07:52:10.096 [main] DEBUG [] org.hibernate.SQL - 
    /* insert for
        com.deliverytech.delivery.entity.Produto */insert 
    into
        produto (categoria, descricao, disponivel, estoque, nome, preco_base, restaurante_id, id) 
    values
        (?, ?, ?, ?, ?, ?, ?, default)
Hibernate: 
    /* insert for
        com.deliverytech.delivery.entity.Produto */insert 
    into
        produto (categoria, descricao, disponivel, estoque, nome, preco_base, restaurante_id, id) 
    values
        (?, ?, ?, ?, ?, ?, ?, default)
✅ Dados de teste (VERSÃO V16 - CPFs Válidos) criados com sucesso!
2025-11-07 07:52:12.101 [main] INFO  [] o.s.s.c.a.a.c.InitializeUserDetailsBeanManagerConfigurer$InitializeUserDetailsManagerConfigurer - Global AuthenticationManager configured with UserDetailsService bean with name authService
2025-11-07 07:52:14.430 [main] DEBUG [] o.s.w.s.m.m.a.RequestMappingHandlerMapping - 54 mappings in 'requestMappingHandlerMapping'
2025-11-07 07:52:14.705 [main] DEBUG [] o.s.w.s.h.SimpleUrlHandlerMapping - Patterns [/webjars/**, /**, /swagger-ui*/*swagger-initializer.js, /swagger-ui*/**] in 'resourceHandlerMapping'
2025-11-07 07:52:15.838 [main] INFO  [] o.s.b.a.e.web.EndpointLinksResolver - Exposing 5 endpoints beneath base path '/actuator'
2025-11-07 07:52:16.185 [main] DEBUG [] o.s.s.web.DefaultSecurityFilterChain - Will secure any request with filters: DisableEncodeUrlFilter, WebAsyncManagerIntegrationFilter, SecurityContextHolderFilter, HeaderWriterFilter, CorsFilter, LogoutFilter, JwtAuthenticationFilter, RequestCacheAwareFilter, SecurityContextHolderAwareRequestFilter, AnonymousAuthenticationFilter, SessionManagementFilter, ExceptionTranslationFilter, AuthorizationFilter
2025-11-07 07:52:16.816 [main] DEBUG [] o.s.w.s.m.m.a.RequestMappingHandlerAdapter - ControllerAdvice beans: 0 @ModelAttribute, 0 @InitBinder, 1 RequestBodyAdvice, 1 ResponseBodyAdvice
2025-11-07 07:52:17.151 [main] DEBUG [] o.s.w.s.m.m.a.ExceptionHandlerExceptionResolver - ControllerAdvice beans: 2 @ExceptionHandler, 1 ResponseBodyAdvice
2025-11-07 07:52:18.135 [main] INFO  [] o.s.b.a.h.H2ConsoleAutoConfiguration - H2 console available at '/h2-console'. Database available at 'jdbc:h2:mem:testdb'
2025-11-07 07:52:18.369 [main] DEBUG [] o.s.w.f.ServerHttpObservationFilter - Filter 'webMvcObservationFilter' configured for use
2025-11-07 07:52:18.370 [main] DEBUG [] o.s.w.s.r.ResourceUrlEncodingFilter - Filter 'resourceUrlEncodingFilter' configured for use
2025-11-07 07:52:18.371 [main] DEBUG [] c.d.d.s.jwt.JwtAuthenticationFilter - Filter 'jwtAuthenticationFilter' configured for use
2025-11-07 07:52:18.374 [main] INFO  [] o.s.b.t.m.w.SpringBootMockServletContext - Initializing Spring TestDispatcherServlet ''
2025-11-07 07:52:18.375 [main] INFO  [] o.s.t.w.s.TestDispatcherServlet - Initializing Servlet ''
2025-11-07 07:52:18.378 [main] INFO  [] o.s.t.w.s.TestDispatcherServlet - Completed initialization in 2 ms
2025-11-07 07:52:18.561 [main] INFO  [] c.d.d.i.EnderecoControllerIntegrationTest - Started EnderecoControllerIntegrationTest in 35.402 seconds (process running for 41.075)
2025-11-07 07:52:18.594 [scheduling-1] INFO  [] c.d.d.service.alert.AlertService - [ALERTS] Verificando métricas e saúde do sistema...
2025-11-07 07:52:18.628 [scheduling-1] DEBUG [] o.s.web.client.RestTemplate - HTTP GET https://httpbin.org/status/200
2025-11-07 07:52:18.642 [scheduling-1] DEBUG [] o.s.web.client.RestTemplate - Accept=[text/plain, application/json, application/yaml, application/*+json, */*]
2025-11-07 07:52:18.860 [main] DEBUG [] org.hibernate.SQL - 
    /* <criteria> */ select
        u1_0.id,
        u1_0.ativo,
        u1_0.data_criacao,
        u1_0.email,
        u1_0.restaurante_id,
        u1_0.role,
        u1_0.senha 
    from
        usuario u1_0 
    where
        u1_0.email=? 
        and u1_0.ativo=?
Hibernate: 
    /* <criteria> */ select
        u1_0.id,
        u1_0.ativo,
        u1_0.data_criacao,
        u1_0.email,
        u1_0.restaurante_id,
        u1_0.role,
        u1_0.senha 
    from
        usuario u1_0 
    where
        u1_0.email=? 
        and u1_0.ativo=?
2025-11-07 07:52:18.882 [main] DEBUG [] org.hibernate.SQL - 
    select
        c1_0.id,
        c1_0.cpf,
        c1_0.nome,
        c1_0.telefone 
    from
        cliente c1_0 
    where
        c1_0.id=?
Hibernate: 
    select
        c1_0.id,
        c1_0.cpf,
        c1_0.nome,
        c1_0.telefone 
    from
        cliente c1_0 
    where
        c1_0.id=?
2025-11-07 07:52:20.446 [main] DEBUG [] o.s.security.web.FilterChainProxy - Securing GET /api/enderecos/meus
2025-11-07 07:52:20.545 [main] WARN  [] c.d.d.s.jwt.JwtAuthenticationFilter - Header 'Authorization' ausente ou mal formatado
2025-11-07 07:52:20.590 [main] DEBUG [] o.s.security.web.FilterChainProxy - Secured GET /api/enderecos/meus
2025-11-07 07:52:20.615 [main] DEBUG [535009c51e244ed7] o.s.w.s.m.m.a.RequestMappingHandlerMapping - Mapped to com.deliverytech.delivery.controller.EnderecoController#listarMeusEnderecos()
2025-11-07 07:52:20.650 [main] DEBUG [535009c51e244ed7] o.s.s.a.m.AuthorizationManagerBeforeMethodInterceptor - Authorizing method invocation ReflectiveMethodInvocation: public org.springframework.http.ResponseEntity com.deliverytech.delivery.controller.EnderecoController.listarMeusEnderecos(); target is of class [com.deliverytech.delivery.controller.EnderecoController]
2025-11-07 07:52:20.696 [main] DEBUG [535009c51e244ed7] o.s.s.a.m.AuthorizationManagerBeforeMethodInterceptor - Failed to authorize ReflectiveMethodInvocation: public org.springframework.http.ResponseEntity com.deliverytech.delivery.controller.EnderecoController.listarMeusEnderecos(); target is of class [com.deliverytech.delivery.controller.EnderecoController] with authorization manager org.springframework.security.authorization.ObservationAuthorizationManager@226c7787 and result ExpressionAuthorizationDecision [granted=false, expressionAttribute=hasRole('CLIENTE')]
2025-11-07 07:52:20.705 [main] DEBUG [535009c51e244ed7] o.s.w.s.m.m.a.ExceptionHandlerExceptionResolver - Using @ExceptionHandler com.deliverytech.delivery.exception.GlobalExceptionHandler#handleAccessDeniedException(AccessDeniedException, WebRequest)
2025-11-07 07:52:20.846 [main] DEBUG [535009c51e244ed7] o.s.w.s.m.m.a.HttpEntityMethodProcessor - Using 'application/json', given [*/*] and supported [application/json, application/*+json, application/yaml]
2025-11-07 07:52:20.850 [main] DEBUG [535009c51e244ed7] o.s.w.s.m.m.a.HttpEntityMethodProcessor - Writing [com.deliverytech.delivery.dto.response.ErrorResponse@6a41bd82]
2025-11-07 07:52:20.881 [main] DEBUG [535009c51e244ed7] o.s.w.s.m.m.a.ExceptionHandlerExceptionResolver - Resolved [org.springframework.security.authorization.AuthorizationDeniedException: Access Denied]
]]></system-out>
    <system-err><![CDATA[Mockito is currently self-attaching to enable the inline-mock-maker. This will no longer work in future releases of the JDK. Please add Mockito as an agent to your build as described in Mockito's documentation: https://javadoc.io/doc/org.mockito/mockito-core/latest/org.mockito/org/mockito/Mockito.html#0.3
WARNING: A Java agent has been loaded dynamically (/home/dimas/.m2/repository/net/bytebuddy/byte-buddy-agent/1.17.7/byte-buddy-agent-1.17.7.jar)
WARNING: If a serviceability tool is in use, please run with -XX:+EnableDynamicAgentLoading to hide this warning
WARNING: If a serviceability tool is not in use, please run with -Djdk.instrument.traceUsage for more information
WARNING: Dynamic loading of agents will be disallowed by default in a future release
]]></system-err>
  </testcase>
  <testcase name="deveRetornarStatus200EEnderecos_QuandoLogadoComoCliente" classname="com.deliverytech.delivery.integration.EnderecoControllerIntegrationTest" time="0.357">
    <system-out><![CDATA[2025-11-07 07:52:20.963 [main] DEBUG [] org.hibernate.SQL - 
    /* <criteria> */ select
        u1_0.id,
        u1_0.ativo,
        u1_0.data_criacao,
        u1_0.email,
        u1_0.restaurante_id,
        u1_0.role,
        u1_0.senha 
    from
        usuario u1_0 
    where
        u1_0.email=? 
        and u1_0.ativo=?
Hibernate: 
    /* <criteria> */ select
        u1_0.id,
        u1_0.ativo,
        u1_0.data_criacao,
        u1_0.email,
        u1_0.restaurante_id,
        u1_0.role,
        u1_0.senha 
    from
        usuario u1_0 
    where
        u1_0.email=? 
        and u1_0.ativo=?
2025-11-07 07:52:20.966 [main] DEBUG [] org.hibernate.SQL - 
    select
        c1_0.id,
        c1_0.cpf,
        c1_0.nome,
        c1_0.telefone 
    from
        cliente c1_0 
    where
        c1_0.id=?
Hibernate: 
    select
        c1_0.id,
        c1_0.cpf,
        c1_0.nome,
        c1_0.telefone 
    from
        cliente c1_0 
    where
        c1_0.id=?
2025-11-07 07:52:20.984 [main] DEBUG [] o.s.security.web.FilterChainProxy - Securing GET /api/enderecos/meus
2025-11-07 07:52:20.987 [main] WARN  [] c.d.d.s.jwt.JwtAuthenticationFilter - Header 'Authorization' ausente ou mal formatado
2025-11-07 07:52:20.990 [main] DEBUG [] o.s.security.web.FilterChainProxy - Secured GET /api/enderecos/meus
2025-11-07 07:52:20.992 [main] DEBUG [d3a610cde9e44f31] o.s.w.s.m.m.a.RequestMappingHandlerMapping - Mapped to com.deliverytech.delivery.controller.EnderecoController#listarMeusEnderecos()
2025-11-07 07:52:20.995 [main] DEBUG [d3a610cde9e44f31] o.s.s.a.m.AuthorizationManagerBeforeMethodInterceptor - Authorizing method invocation ReflectiveMethodInvocation: public org.springframework.http.ResponseEntity com.deliverytech.delivery.controller.EnderecoController.listarMeusEnderecos(); target is of class [com.deliverytech.delivery.controller.EnderecoController]
2025-11-07 07:52:20.998 [main] DEBUG [d3a610cde9e44f31] o.s.s.a.m.AuthorizationManagerBeforeMethodInterceptor - Authorized method invocation ReflectiveMethodInvocation: public org.springframework.http.ResponseEntity com.deliverytech.delivery.controller.EnderecoController.listarMeusEnderecos(); target is of class [com.deliverytech.delivery.controller.EnderecoController]
2025-11-07 07:52:21.008 [main] DEBUG [d3a610cde9e44f31] org.hibernate.SQL - 
    /* <criteria> */ select
        e1_0.id,
        e1_0.apelido,
        e1_0.bairro,
        e1_0.cep,
        e1_0.cidade,
        e1_0.complemento,
        e1_0.estado,
        e1_0.latitude,
        e1_0.longitude,
        e1_0.numero,
        e1_0.rua,
        e1_0.usuario_id 
    from
        endereco e1_0 
    left join
        usuario u1_0 
            on u1_0.id=e1_0.usuario_id 
    where
        u1_0.id=?
Hibernate: 
    /* <criteria> */ select
        e1_0.id,
        e1_0.apelido,
        e1_0.bairro,
        e1_0.cep,
        e1_0.cidade,
        e1_0.complemento,
        e1_0.estado,
        e1_0.latitude,
        e1_0.longitude,
        e1_0.numero,
        e1_0.rua,
        e1_0.usuario_id 
    from
        endereco e1_0 
    left join
        usuario u1_0 
            on u1_0.id=e1_0.usuario_id 
    where
        u1_0.id=?
2025-11-07 07:52:21.100 [main] DEBUG [d3a610cde9e44f31] o.s.w.s.m.m.a.HttpEntityMethodProcessor - Using 'application/json', given [*/*] and supported [application/json, application/*+json, application/yaml]
2025-11-07 07:52:21.101 [main] DEBUG [d3a610cde9e44f31] o.s.w.s.m.m.a.HttpEntityMethodProcessor - Writing [[com.deliverytech.delivery.dto.EnderecoDTO@12a33a8e]]
]]></system-out>
  </testcase>
  <testcase name="deveRetornarStatus401_QuandoNaoAutenticado" classname="com.deliverytech.delivery.integration.EnderecoControllerIntegrationTest" time="0.051">
    <system-out><![CDATA[2025-11-07 07:52:21.329 [main] DEBUG [] o.s.security.web.FilterChainProxy - Securing GET /api/enderecos/meus
2025-11-07 07:52:21.335 [main] WARN  [] c.d.d.s.jwt.JwtAuthenticationFilter - Header 'Authorization' ausente ou mal formatado
2025-11-07 07:52:21.337 [main] DEBUG [] o.s.s.w.a.AnonymousAuthenticationFilter - Set SecurityContextHolder to anonymous SecurityContext
]]></system-out>
  </testcase>
  <testcase name="deveRetornarStatus201_AoCriarEnderecoComoCliente" classname="com.deliverytech.delivery.integration.EnderecoControllerIntegrationTest" time="0.437">
    <system-out><![CDATA[2025-11-07 07:52:21.367 [main] DEBUG [] org.hibernate.SQL - 
    /* <criteria> */ select
        u1_0.id,
        u1_0.ativo,
        u1_0.data_criacao,
        u1_0.email,
        u1_0.restaurante_id,
        u1_0.role,
        u1_0.senha 
    from
        usuario u1_0 
    where
        u1_0.email=? 
        and u1_0.ativo=?
Hibernate: 
    /* <criteria> */ select
        u1_0.id,
        u1_0.ativo,
        u1_0.data_criacao,
        u1_0.email,
        u1_0.restaurante_id,
        u1_0.role,
        u1_0.senha 
    from
        usuario u1_0 
    where
        u1_0.email=? 
        and u1_0.ativo=?
2025-11-07 07:52:21.370 [main] DEBUG [] org.hibernate.SQL - 
    select
        c1_0.id,
        c1_0.cpf,
        c1_0.nome,
        c1_0.telefone 
    from
        cliente c1_0 
    where
        c1_0.id=?
Hibernate: 
    select
        c1_0.id,
        c1_0.cpf,
        c1_0.nome,
        c1_0.telefone 
    from
        cliente c1_0 
    where
        c1_0.id=?
2025-11-07 07:52:21.385 [main] DEBUG [] o.s.security.web.FilterChainProxy - Securing POST /api/enderecos
2025-11-07 07:52:21.388 [main] WARN  [] c.d.d.s.jwt.JwtAuthenticationFilter - Header 'Authorization' ausente ou mal formatado
2025-11-07 07:52:21.391 [main] DEBUG [] o.s.security.web.FilterChainProxy - Secured POST /api/enderecos
2025-11-07 07:52:21.396 [main] DEBUG [a3216d49280947f8] o.s.w.s.m.m.a.RequestMappingHandlerMapping - Mapped to com.deliverytech.delivery.controller.EnderecoController#adicionarNovoEndereco(EnderecoDTO)
2025-11-07 07:52:21.538 [main] DEBUG [a3216d49280947f8] o.s.w.s.m.m.a.RequestResponseBodyMethodProcessor - Read "application/json;charset=UTF-8" to [com.deliverytech.delivery.dto.EnderecoDTO@24549b57]
2025-11-07 07:52:21.621 [main] DEBUG [a3216d49280947f8] o.s.s.a.m.AuthorizationManagerBeforeMethodInterceptor - Authorizing method invocation ReflectiveMethodInvocation: public org.springframework.http.ResponseEntity com.deliverytech.delivery.controller.EnderecoController.adicionarNovoEndereco(com.deliverytech.delivery.dto.EnderecoDTO); target is of class [com.deliverytech.delivery.controller.EnderecoController]
2025-11-07 07:52:21.625 [main] DEBUG [a3216d49280947f8] o.s.s.a.m.AuthorizationManagerBeforeMethodInterceptor - Authorized method invocation ReflectiveMethodInvocation: public org.springframework.http.ResponseEntity com.deliverytech.delivery.controller.EnderecoController.adicionarNovoEndereco(com.deliverytech.delivery.dto.EnderecoDTO); target is of class [com.deliverytech.delivery.controller.EnderecoController]
2025-11-07 07:52:21.685 [main] DEBUG [a3216d49280947f8] org.hibernate.SQL - 
    /* insert for
        com.deliverytech.delivery.entity.Endereco */insert 
    into
        endereco (apelido, bairro, cep, cidade, complemento, estado, latitude, longitude, numero, rua, usuario_id, id) 
    values
        (?, ?, ?, ?, ?, ?, ?, ?, ?, ?, ?, default)
Hibernate: 
    /* insert for
        com.deliverytech.delivery.entity.Endereco */insert 
    into
        endereco (apelido, bairro, cep, cidade, complemento, estado, latitude, longitude, numero, rua, usuario_id, id) 
    values
        (?, ?, ?, ?, ?, ?, ?, ?, ?, ?, ?, default)
2025-11-07 07:52:21.705 [main] DEBUG [a3216d49280947f8] o.s.w.s.m.m.a.HttpEntityMethodProcessor - Using 'application/json', given [*/*] and supported [application/json, application/*+json, application/yaml]
2025-11-07 07:52:21.711 [main] DEBUG [a3216d49280947f8] o.s.w.s.m.m.a.HttpEntityMethodProcessor - Writing [com.deliverytech.delivery.dto.EnderecoDTO@19b3daf4]
]]></system-out>
  </testcase>
</testsuite>